
PLAY [all] **********************************************************************************************************************************************************************************************************************************

TASK [Aix log] ******************************************************************************************************************************************************************************************************************************
changed: [ecmdevapp]

TASK [debug] ********************************************************************************************************************************************************************************************************************************
ok: [ecmdevapp] => {
    "r1.stdout_lines": [
        "IDENTIFIER TIMESTAMP  T C RESOURCE_NAME  DESCRIPTION", 
        "C954F85D   0818202119 P S mmfs           STORAGE SUBSYSTEM FAILURE", 
        "9C6C05FA   0818202119 P H mmfs           DISK FAILURE", 
        "C954F85D   0817203119 P S mmfs           STORAGE SUBSYSTEM FAILURE", 
        "9C6C05FA   0817203119 P H mmfs           DISK FAILURE", 
        "C954F85D   0816202619 P S mmfs           STORAGE SUBSYSTEM FAILURE", 
        "9C6C05FA   0816202619 P H mmfs           DISK FAILURE", 
        "C954F85D   0815202419 P S mmfs           STORAGE SUBSYSTEM FAILURE", 
        "9C6C05FA   0815202419 P H mmfs           DISK FAILURE", 
        "C954F85D   0814202819 P S mmfs           STORAGE SUBSYSTEM FAILURE", 
        "9C6C05FA   0814202819 P H mmfs           DISK FAILURE", 
        "C954F85D   0813203219 P S mmfs           STORAGE SUBSYSTEM FAILURE", 
        "9C6C05FA   0813203219 P H mmfs           DISK FAILURE", 
        "C954F85D   0812202619 P S mmfs           STORAGE SUBSYSTEM FAILURE", 
        "9C6C05FA   0812202619 P H mmfs           DISK FAILURE", 
        "C954F85D   0811202519 P S mmfs           STORAGE SUBSYSTEM FAILURE", 
        "9C6C05FA   0811202519 P H mmfs           DISK FAILURE", 
        "C954F85D   0810202819 P S mmfs           STORAGE SUBSYSTEM FAILURE", 
        "9C6C05FA   0810202819 P H mmfs           DISK FAILURE", 
        "C954F85D   0809203219 P S mmfs           STORAGE SUBSYSTEM FAILURE", 
        "9C6C05FA   0809203219 P H mmfs           DISK FAILURE", 
        "C954F85D   0808203519 P S mmfs           STORAGE SUBSYSTEM FAILURE", 
        "9C6C05FA   0808203519 P H mmfs           DISK FAILURE", 
        "C954F85D   0807211019 P S mmfs           STORAGE SUBSYSTEM FAILURE", 
        "9C6C05FA   0807211019 P H mmfs           DISK FAILURE", 
        "C954F85D   0806203119 P S mmfs           STORAGE SUBSYSTEM FAILURE", 
        "9C6C05FA   0806203119 P H mmfs           DISK FAILURE", 
        "A924A5FC   0806154419 P S SYSPROC        SOFTWARE PROGRAM ABNORMALLY TERMINATED", 
        "C954F85D   0805201919 P S mmfs           STORAGE SUBSYSTEM FAILURE", 
        "9C6C05FA   0805201919 P H mmfs           DISK FAILURE", 
        "C954F85D   0804202319 P S mmfs           STORAGE SUBSYSTEM FAILURE", 
        "9C6C05FA   0804202319 P H mmfs           DISK FAILURE", 
        "C954F85D   0803204119 P S mmfs           STORAGE SUBSYSTEM FAILURE", 
        "9C6C05FA   0803204119 P H mmfs           DISK FAILURE", 
        "C954F85D   0802204119 P S mmfs           STORAGE SUBSYSTEM FAILURE", 
        "9C6C05FA   0802204119 P H mmfs           DISK FAILURE", 
        "C954F85D   0801204119 P S mmfs           STORAGE SUBSYSTEM FAILURE", 
        "9C6C05FA   0801204119 P H mmfs           DISK FAILURE", 
        "C954F85D   0731202919 P S mmfs           STORAGE SUBSYSTEM FAILURE", 
        "9C6C05FA   0731202919 P H mmfs           DISK FAILURE", 
        "C954F85D   0730203919 P S mmfs           STORAGE SUBSYSTEM FAILURE", 
        "9C6C05FA   0730203919 P H mmfs           DISK FAILURE", 
        "C954F85D   0729203719 P S mmfs           STORAGE SUBSYSTEM FAILURE", 
        "9C6C05FA   0729203719 P H mmfs           DISK FAILURE", 
        "C954F85D   0728203419 P S mmfs           STORAGE SUBSYSTEM FAILURE", 
        "9C6C05FA   0728203419 P H mmfs           DISK FAILURE", 
        "C954F85D   0728170019 P S mmfs           STORAGE SUBSYSTEM FAILURE", 
        "9C6C05FA   0728170019 P H mmfs           DISK FAILURE", 
        "C954F85D   0727204119 P S mmfs           STORAGE SUBSYSTEM FAILURE", 
        "9C6C05FA   0727204119 P H mmfs           DISK FAILURE", 
        "C954F85D   0726204019 P S mmfs           STORAGE SUBSYSTEM FAILURE", 
        "9C6C05FA   0726204019 P H mmfs           DISK FAILURE", 
        "C954F85D   0725204019 P S mmfs           STORAGE SUBSYSTEM FAILURE", 
        "9C6C05FA   0725204019 P H mmfs           DISK FAILURE", 
        "C954F85D   0724203219 P S mmfs           STORAGE SUBSYSTEM FAILURE", 
        "9C6C05FA   0724203219 P H mmfs           DISK FAILURE", 
        "C954F85D   0723203519 P S mmfs           STORAGE SUBSYSTEM FAILURE", 
        "9C6C05FA   0723203519 P H mmfs           DISK FAILURE", 
        "C954F85D   0722204019 P S mmfs           STORAGE SUBSYSTEM FAILURE", 
        "9C6C05FA   0722204019 P H mmfs           DISK FAILURE", 
        "C954F85D   0721203319 P S mmfs           STORAGE SUBSYSTEM FAILURE", 
        "9C6C05FA   0721203319 P H mmfs           DISK FAILURE", 
        "C954F85D   0720203819 P S mmfs           STORAGE SUBSYSTEM FAILURE", 
        "9C6C05FA   0720203819 P H mmfs           DISK FAILURE", 
        "9C6C05FA   0719204019 P H mmfs           DISK FAILURE", 
        "9C6C05FA   0718204119 P H mmfs           DISK FAILURE", 
        "9C6C05FA   0717202819 P H mmfs           DISK FAILURE", 
        "9C6C05FA   0716203519 P H mmfs           DISK FAILURE", 
        "9C6C05FA   0715203819 P H mmfs           DISK FAILURE", 
        "9C6C05FA   0714203419 P H mmfs           DISK FAILURE", 
        "9C6C05FA   0713203919 P H mmfs           DISK FAILURE", 
        "9C6C05FA   0712203819 P H mmfs           DISK FAILURE", 
        "9C6C05FA   0711203719 P H mmfs           DISK FAILURE", 
        "9C6C05FA   0710202719 P H mmfs           DISK FAILURE", 
        "BFE4C025   0710170819 P H sysplanar0     UNDETERMINED ERROR", 
        "BFE4C025   0710170719 P H sysplanar0     UNDETERMINED ERROR", 
        "BFE4C025   0710161119 P H sysplanar0     UNDETERMINED ERROR", 
        "BFE4C025   0710161019 P H sysplanar0     UNDETERMINED ERROR", 
        "BFE4C025   0710161019 P H sysplanar0     UNDETERMINED ERROR", 
        "BFE4C025   0710161019 P H sysplanar0     UNDETERMINED ERROR", 
        "BFE4C025   0710161019 P H sysplanar0     UNDETERMINED ERROR", 
        "BFE4C025   0710161019 P H sysplanar0     UNDETERMINED ERROR", 
        "9C6C05FA   0709203319 P H mmfs           DISK FAILURE", 
        "9C6C05FA   0708203519 P H mmfs           DISK FAILURE", 
        "9C6C05FA   0707202919 P H mmfs           DISK FAILURE", 
        "9C6C05FA   0706203719 P H mmfs           DISK FAILURE", 
        "9C6C05FA   0705203419 P H mmfs           DISK FAILURE", 
        "9C6C05FA   0704203419 P H mmfs           DISK FAILURE", 
        "9C6C05FA   0703202419 P H mmfs           DISK FAILURE", 
        "9C6C05FA   0702203219 P H mmfs           DISK FAILURE", 
        "9C6C05FA   0701202919 P H mmfs           DISK FAILURE", 
        "9C6C05FA   0630202619 P H mmfs           DISK FAILURE", 
        "9C6C05FA   0630140019 P H mmfs           DISK FAILURE", 
        "9C6C05FA   0629203419 P H mmfs           DISK FAILURE", 
        "9C6C05FA   0628203219 P H mmfs           DISK FAILURE", 
        "9C6C05FA   0627203019 P H mmfs           DISK FAILURE", 
        "9C6C05FA   0626202319 P H mmfs           DISK FAILURE", 
        "9C6C05FA   0625202719 P H mmfs           DISK FAILURE", 
        "9C6C05FA   0624203019 P H mmfs           DISK FAILURE", 
        "9C6C05FA   0623202519 P H mmfs           DISK FAILURE", 
        "9C6C05FA   0622204719 P H mmfs           DISK FAILURE", 
        "9C6C05FA   0621203319 P H mmfs           DISK FAILURE", 
        "9C6C05FA   0620204819 P H mmfs           DISK FAILURE", 
        "9C6C05FA   0619202119 P H mmfs           DISK FAILURE", 
        "9C6C05FA   0618204519 P H mmfs           DISK FAILURE", 
        "9C6C05FA   0617202819 P H mmfs           DISK FAILURE", 
        "9C6C05FA   0616204219 P H mmfs           DISK FAILURE", 
        "9C6C05FA   0615203119 P H mmfs           DISK FAILURE", 
        "9C6C05FA   0614203819 P H mmfs           DISK FAILURE", 
        "9C6C05FA   0614161219 P H mmfs           DISK FAILURE", 
        "9C6C05FA   0613204719 P H mmfs           DISK FAILURE", 
        "9C6C05FA   0612202119 P H mmfs           DISK FAILURE", 
        "9C6C05FA   0611204319 P H mmfs           DISK FAILURE", 
        "9C6C05FA   0610203019 P H mmfs           DISK FAILURE", 
        "9C6C05FA   0609204119 P H mmfs           DISK FAILURE", 
        "9C6C05FA   0608202519 P H mmfs           DISK FAILURE", 
        "9C6C05FA   0607204619 P H mmfs           DISK FAILURE", 
        "9C6C05FA   0606202919 P H mmfs           DISK FAILURE", 
        "9C6C05FA   0605203519 P H mmfs           DISK FAILURE", 
        "9C6C05FA   0604203119 P H mmfs           DISK FAILURE", 
        "9C6C05FA   0603211019 P H mmfs           DISK FAILURE", 
        "BFE4C025   0528095719 P H sysplanar0     UNDETERMINED ERROR", 
        "BFE4C025   0528095619 P H sysplanar0     UNDETERMINED ERROR", 
        "BFE4C025   0528095519 P H sysplanar0     UNDETERMINED ERROR", 
        "BFE4C025   0528095419 P H sysplanar0     UNDETERMINED ERROR", 
        "BFE4C025   0528095419 P H sysplanar0     UNDETERMINED ERROR", 
        "BFE4C025   0528095319 P H sysplanar0     UNDETERMINED ERROR", 
        "BFE4C025   0528094719 P H sysplanar0     UNDETERMINED ERROR", 
        "BFE4C025   0527163719 P H sysplanar0     UNDETERMINED ERROR", 
        "BFE4C025   0527163619 P H sysplanar0     UNDETERMINED ERROR", 
        "BFE4C025   0527163619 P H sysplanar0     UNDETERMINED ERROR", 
        "BFE4C025   0527163519 P H sysplanar0     UNDETERMINED ERROR", 
        "BFE4C025   0527163419 P H sysplanar0     UNDETERMINED ERROR", 
        "BFE4C025   0527163319 P H sysplanar0     UNDETERMINED ERROR", 
        "BFE4C025   0527163219 P H sysplanar0     UNDETERMINED ERROR", 
        "BFE4C025   0527163119 P H sysplanar0     UNDETERMINED ERROR", 
        "BFE4C025   0527163119 P H sysplanar0     UNDETERMINED ERROR", 
        "BFE4C025   0527163019 P H sysplanar0     UNDETERMINED ERROR", 
        "BFE4C025   0527162919 P H sysplanar0     UNDETERMINED ERROR", 
        "BFE4C025   0527162919 P H sysplanar0     UNDETERMINED ERROR", 
        "BFE4C025   0527162819 P H sysplanar0     UNDETERMINED ERROR", 
        "BFE4C025   0527162719 P H sysplanar0     UNDETERMINED ERROR", 
        "BFE4C025   0527162719 P H sysplanar0     UNDETERMINED ERROR", 
        "BFE4C025   0527162619 P H sysplanar0     UNDETERMINED ERROR", 
        "BFE4C025   0527162519 P H sysplanar0     UNDETERMINED ERROR", 
        "BFE4C025   0527162419 P H sysplanar0     UNDETERMINED ERROR", 
        "BFE4C025   0527162319 P H sysplanar0     UNDETERMINED ERROR", 
        "BFE4C025   0527162219 P H sysplanar0     UNDETERMINED ERROR", 
        "BFE4C025   0527162219 P H sysplanar0     UNDETERMINED ERROR", 
        "BFE4C025   0527162119 P H sysplanar0     UNDETERMINED ERROR", 
        "BFE4C025   0527162019 P H sysplanar0     UNDETERMINED ERROR", 
        "BFE4C025   0527162019 P H sysplanar0     UNDETERMINED ERROR", 
        "BFE4C025   0527161919 P H sysplanar0     UNDETERMINED ERROR", 
        "BFE4C025   0527161819 P H sysplanar0     UNDETERMINED ERROR", 
        "BFE4C025   0527161819 P H sysplanar0     UNDETERMINED ERROR", 
        "BFE4C025   0527161719 P H sysplanar0     UNDETERMINED ERROR", 
        "BFE4C025   0527161619 P H sysplanar0     UNDETERMINED ERROR", 
        "BFE4C025   0527161519 P H sysplanar0     UNDETERMINED ERROR", 
        "BFE4C025   0527161419 P H sysplanar0     UNDETERMINED ERROR", 
        "BFE4C025   0527161319 P H sysplanar0     UNDETERMINED ERROR", 
        "BFE4C025   0527161319 P H sysplanar0     UNDETERMINED ERROR"
    ]
}

PLAY RECAP **********************************************************************************************************************************************************************************************************************************
ecmdevapp                  : ok=2    changed=1    unreachable=0    failed=0   


PLAY [all] **********************************************************************************************************************************************************************************************************************************

TASK [Aix log] ******************************************************************************************************************************************************************************************************************************
changed: [ecmdevapp]
changed: [ecmdevdb]

TASK [debug] ********************************************************************************************************************************************************************************************************************************
ok: [ecmdevapp] => {
    "r1.stdout_lines": [
        "IDENTIFIER TIMESTAMP  T C RESOURCE_NAME  DESCRIPTION", 
        "C954F85D   0818202119 P S mmfs           STORAGE SUBSYSTEM FAILURE", 
        "9C6C05FA   0818202119 P H mmfs           DISK FAILURE", 
        "C954F85D   0817203119 P S mmfs           STORAGE SUBSYSTEM FAILURE", 
        "9C6C05FA   0817203119 P H mmfs           DISK FAILURE", 
        "C954F85D   0816202619 P S mmfs           STORAGE SUBSYSTEM FAILURE", 
        "9C6C05FA   0816202619 P H mmfs           DISK FAILURE", 
        "C954F85D   0815202419 P S mmfs           STORAGE SUBSYSTEM FAILURE", 
        "9C6C05FA   0815202419 P H mmfs           DISK FAILURE", 
        "C954F85D   0814202819 P S mmfs           STORAGE SUBSYSTEM FAILURE", 
        "9C6C05FA   0814202819 P H mmfs           DISK FAILURE", 
        "C954F85D   0813203219 P S mmfs           STORAGE SUBSYSTEM FAILURE", 
        "9C6C05FA   0813203219 P H mmfs           DISK FAILURE", 
        "C954F85D   0812202619 P S mmfs           STORAGE SUBSYSTEM FAILURE", 
        "9C6C05FA   0812202619 P H mmfs           DISK FAILURE", 
        "C954F85D   0811202519 P S mmfs           STORAGE SUBSYSTEM FAILURE", 
        "9C6C05FA   0811202519 P H mmfs           DISK FAILURE", 
        "C954F85D   0810202819 P S mmfs           STORAGE SUBSYSTEM FAILURE", 
        "9C6C05FA   0810202819 P H mmfs           DISK FAILURE", 
        "C954F85D   0809203219 P S mmfs           STORAGE SUBSYSTEM FAILURE", 
        "9C6C05FA   0809203219 P H mmfs           DISK FAILURE", 
        "C954F85D   0808203519 P S mmfs           STORAGE SUBSYSTEM FAILURE", 
        "9C6C05FA   0808203519 P H mmfs           DISK FAILURE", 
        "C954F85D   0807211019 P S mmfs           STORAGE SUBSYSTEM FAILURE", 
        "9C6C05FA   0807211019 P H mmfs           DISK FAILURE", 
        "C954F85D   0806203119 P S mmfs           STORAGE SUBSYSTEM FAILURE", 
        "9C6C05FA   0806203119 P H mmfs           DISK FAILURE", 
        "A924A5FC   0806154419 P S SYSPROC        SOFTWARE PROGRAM ABNORMALLY TERMINATED", 
        "C954F85D   0805201919 P S mmfs           STORAGE SUBSYSTEM FAILURE", 
        "9C6C05FA   0805201919 P H mmfs           DISK FAILURE", 
        "C954F85D   0804202319 P S mmfs           STORAGE SUBSYSTEM FAILURE", 
        "9C6C05FA   0804202319 P H mmfs           DISK FAILURE", 
        "C954F85D   0803204119 P S mmfs           STORAGE SUBSYSTEM FAILURE", 
        "9C6C05FA   0803204119 P H mmfs           DISK FAILURE", 
        "C954F85D   0802204119 P S mmfs           STORAGE SUBSYSTEM FAILURE", 
        "9C6C05FA   0802204119 P H mmfs           DISK FAILURE", 
        "C954F85D   0801204119 P S mmfs           STORAGE SUBSYSTEM FAILURE", 
        "9C6C05FA   0801204119 P H mmfs           DISK FAILURE", 
        "C954F85D   0731202919 P S mmfs           STORAGE SUBSYSTEM FAILURE", 
        "9C6C05FA   0731202919 P H mmfs           DISK FAILURE", 
        "C954F85D   0730203919 P S mmfs           STORAGE SUBSYSTEM FAILURE", 
        "9C6C05FA   0730203919 P H mmfs           DISK FAILURE", 
        "C954F85D   0729203719 P S mmfs           STORAGE SUBSYSTEM FAILURE", 
        "9C6C05FA   0729203719 P H mmfs           DISK FAILURE", 
        "C954F85D   0728203419 P S mmfs           STORAGE SUBSYSTEM FAILURE", 
        "9C6C05FA   0728203419 P H mmfs           DISK FAILURE", 
        "C954F85D   0728170019 P S mmfs           STORAGE SUBSYSTEM FAILURE", 
        "9C6C05FA   0728170019 P H mmfs           DISK FAILURE", 
        "C954F85D   0727204119 P S mmfs           STORAGE SUBSYSTEM FAILURE", 
        "9C6C05FA   0727204119 P H mmfs           DISK FAILURE", 
        "C954F85D   0726204019 P S mmfs           STORAGE SUBSYSTEM FAILURE", 
        "9C6C05FA   0726204019 P H mmfs           DISK FAILURE", 
        "C954F85D   0725204019 P S mmfs           STORAGE SUBSYSTEM FAILURE", 
        "9C6C05FA   0725204019 P H mmfs           DISK FAILURE", 
        "C954F85D   0724203219 P S mmfs           STORAGE SUBSYSTEM FAILURE", 
        "9C6C05FA   0724203219 P H mmfs           DISK FAILURE", 
        "C954F85D   0723203519 P S mmfs           STORAGE SUBSYSTEM FAILURE", 
        "9C6C05FA   0723203519 P H mmfs           DISK FAILURE", 
        "C954F85D   0722204019 P S mmfs           STORAGE SUBSYSTEM FAILURE", 
        "9C6C05FA   0722204019 P H mmfs           DISK FAILURE", 
        "C954F85D   0721203319 P S mmfs           STORAGE SUBSYSTEM FAILURE", 
        "9C6C05FA   0721203319 P H mmfs           DISK FAILURE", 
        "C954F85D   0720203819 P S mmfs           STORAGE SUBSYSTEM FAILURE", 
        "9C6C05FA   0720203819 P H mmfs           DISK FAILURE", 
        "9C6C05FA   0719204019 P H mmfs           DISK FAILURE", 
        "9C6C05FA   0718204119 P H mmfs           DISK FAILURE", 
        "9C6C05FA   0717202819 P H mmfs           DISK FAILURE", 
        "9C6C05FA   0716203519 P H mmfs           DISK FAILURE", 
        "9C6C05FA   0715203819 P H mmfs           DISK FAILURE", 
        "9C6C05FA   0714203419 P H mmfs           DISK FAILURE", 
        "9C6C05FA   0713203919 P H mmfs           DISK FAILURE", 
        "9C6C05FA   0712203819 P H mmfs           DISK FAILURE", 
        "9C6C05FA   0711203719 P H mmfs           DISK FAILURE", 
        "9C6C05FA   0710202719 P H mmfs           DISK FAILURE", 
        "BFE4C025   0710170819 P H sysplanar0     UNDETERMINED ERROR", 
        "BFE4C025   0710170719 P H sysplanar0     UNDETERMINED ERROR", 
        "BFE4C025   0710161119 P H sysplanar0     UNDETERMINED ERROR", 
        "BFE4C025   0710161019 P H sysplanar0     UNDETERMINED ERROR", 
        "BFE4C025   0710161019 P H sysplanar0     UNDETERMINED ERROR", 
        "BFE4C025   0710161019 P H sysplanar0     UNDETERMINED ERROR", 
        "BFE4C025   0710161019 P H sysplanar0     UNDETERMINED ERROR", 
        "BFE4C025   0710161019 P H sysplanar0     UNDETERMINED ERROR", 
        "9C6C05FA   0709203319 P H mmfs           DISK FAILURE", 
        "9C6C05FA   0708203519 P H mmfs           DISK FAILURE", 
        "9C6C05FA   0707202919 P H mmfs           DISK FAILURE", 
        "9C6C05FA   0706203719 P H mmfs           DISK FAILURE", 
        "9C6C05FA   0705203419 P H mmfs           DISK FAILURE", 
        "9C6C05FA   0704203419 P H mmfs           DISK FAILURE", 
        "9C6C05FA   0703202419 P H mmfs           DISK FAILURE", 
        "9C6C05FA   0702203219 P H mmfs           DISK FAILURE", 
        "9C6C05FA   0701202919 P H mmfs           DISK FAILURE", 
        "9C6C05FA   0630202619 P H mmfs           DISK FAILURE", 
        "9C6C05FA   0630140019 P H mmfs           DISK FAILURE", 
        "9C6C05FA   0629203419 P H mmfs           DISK FAILURE", 
        "9C6C05FA   0628203219 P H mmfs           DISK FAILURE", 
        "9C6C05FA   0627203019 P H mmfs           DISK FAILURE", 
        "9C6C05FA   0626202319 P H mmfs           DISK FAILURE", 
        "9C6C05FA   0625202719 P H mmfs           DISK FAILURE", 
        "9C6C05FA   0624203019 P H mmfs           DISK FAILURE", 
        "9C6C05FA   0623202519 P H mmfs           DISK FAILURE", 
        "9C6C05FA   0622204719 P H mmfs           DISK FAILURE", 
        "9C6C05FA   0621203319 P H mmfs           DISK FAILURE", 
        "9C6C05FA   0620204819 P H mmfs           DISK FAILURE", 
        "9C6C05FA   0619202119 P H mmfs           DISK FAILURE", 
        "9C6C05FA   0618204519 P H mmfs           DISK FAILURE", 
        "9C6C05FA   0617202819 P H mmfs           DISK FAILURE", 
        "9C6C05FA   0616204219 P H mmfs           DISK FAILURE", 
        "9C6C05FA   0615203119 P H mmfs           DISK FAILURE", 
        "9C6C05FA   0614203819 P H mmfs           DISK FAILURE", 
        "9C6C05FA   0614161219 P H mmfs           DISK FAILURE", 
        "9C6C05FA   0613204719 P H mmfs           DISK FAILURE", 
        "9C6C05FA   0612202119 P H mmfs           DISK FAILURE", 
        "9C6C05FA   0611204319 P H mmfs           DISK FAILURE", 
        "9C6C05FA   0610203019 P H mmfs           DISK FAILURE", 
        "9C6C05FA   0609204119 P H mmfs           DISK FAILURE", 
        "9C6C05FA   0608202519 P H mmfs           DISK FAILURE", 
        "9C6C05FA   0607204619 P H mmfs           DISK FAILURE", 
        "9C6C05FA   0606202919 P H mmfs           DISK FAILURE", 
        "9C6C05FA   0605203519 P H mmfs           DISK FAILURE", 
        "9C6C05FA   0604203119 P H mmfs           DISK FAILURE", 
        "9C6C05FA   0603211019 P H mmfs           DISK FAILURE", 
        "BFE4C025   0528095719 P H sysplanar0     UNDETERMINED ERROR", 
        "BFE4C025   0528095619 P H sysplanar0     UNDETERMINED ERROR", 
        "BFE4C025   0528095519 P H sysplanar0     UNDETERMINED ERROR", 
        "BFE4C025   0528095419 P H sysplanar0     UNDETERMINED ERROR", 
        "BFE4C025   0528095419 P H sysplanar0     UNDETERMINED ERROR", 
        "BFE4C025   0528095319 P H sysplanar0     UNDETERMINED ERROR", 
        "BFE4C025   0528094719 P H sysplanar0     UNDETERMINED ERROR", 
        "BFE4C025   0527163719 P H sysplanar0     UNDETERMINED ERROR", 
        "BFE4C025   0527163619 P H sysplanar0     UNDETERMINED ERROR", 
        "BFE4C025   0527163619 P H sysplanar0     UNDETERMINED ERROR", 
        "BFE4C025   0527163519 P H sysplanar0     UNDETERMINED ERROR", 
        "BFE4C025   0527163419 P H sysplanar0     UNDETERMINED ERROR", 
        "BFE4C025   0527163319 P H sysplanar0     UNDETERMINED ERROR", 
        "BFE4C025   0527163219 P H sysplanar0     UNDETERMINED ERROR", 
        "BFE4C025   0527163119 P H sysplanar0     UNDETERMINED ERROR", 
        "BFE4C025   0527163119 P H sysplanar0     UNDETERMINED ERROR", 
        "BFE4C025   0527163019 P H sysplanar0     UNDETERMINED ERROR", 
        "BFE4C025   0527162919 P H sysplanar0     UNDETERMINED ERROR", 
        "BFE4C025   0527162919 P H sysplanar0     UNDETERMINED ERROR", 
        "BFE4C025   0527162819 P H sysplanar0     UNDETERMINED ERROR", 
        "BFE4C025   0527162719 P H sysplanar0     UNDETERMINED ERROR", 
        "BFE4C025   0527162719 P H sysplanar0     UNDETERMINED ERROR", 
        "BFE4C025   0527162619 P H sysplanar0     UNDETERMINED ERROR", 
        "BFE4C025   0527162519 P H sysplanar0     UNDETERMINED ERROR", 
        "BFE4C025   0527162419 P H sysplanar0     UNDETERMINED ERROR", 
        "BFE4C025   0527162319 P H sysplanar0     UNDETERMINED ERROR", 
        "BFE4C025   0527162219 P H sysplanar0     UNDETERMINED ERROR", 
        "BFE4C025   0527162219 P H sysplanar0     UNDETERMINED ERROR", 
        "BFE4C025   0527162119 P H sysplanar0     UNDETERMINED ERROR", 
        "BFE4C025   0527162019 P H sysplanar0     UNDETERMINED ERROR", 
        "BFE4C025   0527162019 P H sysplanar0     UNDETERMINED ERROR", 
        "BFE4C025   0527161919 P H sysplanar0     UNDETERMINED ERROR", 
        "BFE4C025   0527161819 P H sysplanar0     UNDETERMINED ERROR", 
        "BFE4C025   0527161819 P H sysplanar0     UNDETERMINED ERROR", 
        "BFE4C025   0527161719 P H sysplanar0     UNDETERMINED ERROR", 
        "BFE4C025   0527161619 P H sysplanar0     UNDETERMINED ERROR", 
        "BFE4C025   0527161519 P H sysplanar0     UNDETERMINED ERROR", 
        "BFE4C025   0527161419 P H sysplanar0     UNDETERMINED ERROR", 
        "BFE4C025   0527161319 P H sysplanar0     UNDETERMINED ERROR", 
        "BFE4C025   0527161319 P H sysplanar0     UNDETERMINED ERROR"
    ]
}
ok: [ecmdevdb] => {
    "r1.stdout_lines": [
        "IDENTIFIER TIMESTAMP  T C RESOURCE_NAME  DESCRIPTION", 
        "BFE4C025   0710172119 P H sysplanar0     UNDETERMINED ERROR", 
        "BFE4C025   0710170719 P H sysplanar0     UNDETERMINED ERROR", 
        "BFE4C025   0710170119 P H sysplanar0     UNDETERMINED ERROR", 
        "BFE4C025   0710161019 P H sysplanar0     UNDETERMINED ERROR"
    ]
}

PLAY RECAP **********************************************************************************************************************************************************************************************************************************
ecmdevapp                  : ok=2    changed=1    unreachable=0    failed=0   
ecmdevdb                   : ok=2    changed=1    unreachable=0    failed=0   

